<?xml version="1.0" encoding="UTF-8"?>
<!-- Generated by org.testng.reporters.JUnitReportReporter -->
<testsuite hostname="DESKTOP-R6ICANP" failures="0" tests="2" name="com.baseclass.BaseClass" time="6.359" errors="0" timestamp="2022-02-01T22:25:51 EST" skipped="0">
  <testcase classname="com.baseclass.BaseClass" name="openApplication" time="2.042"/>
  <system-out/>
  <testcase classname="com.baseclass.BaseClass" name="openApplication" time="4.317"/>
  <system-out/>
</testsuite> <!-- com.baseclass.BaseClass -->
