<?xml version="1.0" encoding="UTF-8"?>
<!-- Generated by org.testng.reporters.JUnitReportReporter -->
<testsuite skipped="0" hostname="DESKTOP-R6ICANP" name="com.apitesting.GetMethod" tests="1" failures="0" timestamp="2022-03-09T23:19:59 EST" time="2.148" errors="0">
  <testcase name="getRequest" time="2.148" classname="com.apitesting.GetMethod"/>
  <system-out/>
</testsuite> <!-- com.apitesting.GetMethod -->
