<?xml version="1.0" encoding="UTF-8"?>
<!-- Generated by org.testng.reporters.JUnitReportReporter -->
<testsuite hostname="DESKTOP-R6ICANP" failures="0" tests="1" name="testngpractice.PracticeTestNG" time="2.046" errors="0" timestamp="2022-02-01T00:25:43 EST" skipped="0">
  <testcase classname="testngpractice.PracticeTestNG" name="openApplication" time="2.046"/>
  <system-out/>
</testsuite> <!-- testngpractice.PracticeTestNG -->
