<?xml version="1.0" encoding="UTF-8"?>
<!-- Generated by org.testng.reporters.JUnitReportReporter -->
<testsuite skipped="0" hostname="DESKTOP-R6ICANP" name="com.apitesting.DeleteMethod" tests="1" failures="0" timestamp="2022-02-25T10:27:22 EST" time="4.558" errors="0">
  <testcase name="deleteRequest" time="4.558" classname="com.apitesting.DeleteMethod"/>
  <system-out/>
</testsuite> <!-- com.apitesting.DeleteMethod -->
