<?xml version="1.0" encoding="UTF-8"?>
<!-- Generated by org.testng.reporters.JUnitReportReporter -->
<testsuite hostname="DESKTOP-R6ICANP" failures="0" tests="3" name="testngpractice.TestNGAnnotations" time="0.007" errors="0" timestamp="2022-02-04T23:57:51 EST" skipped="1">
  <testcase classname="testngpractice.TestNGAnnotations" name="LoginTest" time="0.005"/>
  <system-out/>
  <testcase classname="testngpractice.TestNGAnnotations" name="CheckprofileTest" time="0.002"/>
  <system-out/>
  <testcase classname="testngpractice.TestNGAnnotations" name="SearchTest">
    <skipped/>
  </testcase> <!-- SearchTest -->
  <system-out/>
</testsuite> <!-- testngpractice.TestNGAnnotations -->
