<?xml version="1.0" encoding="UTF-8"?>
<!-- Generated by org.testng.reporters.JUnitReportReporter -->
<testsuite skipped="0" hostname="DESKTOP-R6ICANP" name="com.apitesting.PutMethod" tests="1" failures="0" timestamp="2022-02-24T18:04:46 EST" time="4.288" errors="0">
  <testcase name="PutRequest" time="4.288" classname="com.apitesting.PutMethod"/>
  <system-out/>
</testsuite> <!-- com.apitesting.PutMethod -->
