<?xml version="1.0" encoding="UTF-8"?>
<!-- Generated by org.testng.reporters.JUnitReportReporter -->
<testsuite skipped="0" hostname="DESKTOP-R6ICANP" name="com.apitesting.PatchMethod" tests="1" failures="0" timestamp="2022-02-24T18:25:52 EST" time="1.511" errors="0">
  <testcase name="patchRequest" time="1.511" classname="com.apitesting.PatchMethod"/>
  <system-out/>
</testsuite> <!-- com.apitesting.PatchMethod -->
