<?xml version="1.0" encoding="UTF-8"?>
<!-- Generated by org.testng.reporters.JUnitReportReporter -->
<testsuite skipped="0" hostname="DESKTOP-R6ICANP" name="com.apitesting.PostMethod" tests="1" failures="0" timestamp="2022-02-22T23:25:02 EST" time="1.443" errors="0">
  <testcase name="postRequest" time="1.443" classname="com.apitesting.PostMethod"/>
  <system-out/>
</testsuite> <!-- com.apitesting.PostMethod -->
